{"numFailedTestSuites":0,"numFailedTests":0,"numPassedTestSuites":3,"numPassedTests":31,"numPendingTestSuites":0,"numPendingTests":0,"numRuntimeErrorTestSuites":0,"numTodoTests":0,"numTotalTestSuites":3,"numTotalTests":31,"openHandles":[],"snapshot":{"added":0,"didUpdate":false,"failure":false,"filesAdded":0,"filesRemoved":0,"filesRemovedList":[],"filesUnmatched":0,"filesUpdated":0,"matched":0,"total":0,"unchecked":0,"uncheckedKeysByFile":[],"unmatched":0,"updated":0},"startTime":1777674078665,"success":true,"testResults":[{"assertionResults":[{"ancestorTitles":["ADS | GET /api/admin/ads"],"duration":2,"failing":false,"failureDetails":[],"failureMessages":[],"fullName":"ADS | GET /api/admin/ads TC-ADS-01 | Returns full list of ads with name and playCount","invocations":1,"location":null,"numPassingAsserts":2,"retryReasons":[],"startAt":1777674079056,"status":"passed","title":"TC-ADS-01 | Returns full list of ads with name and playCount"},{"ancestorTitles":["ADS | GET /api/admin/ads"],"duration":0,"failing":false,"failureDetails":[],"failureMessages":[],"fullName":"ADS | GET /api/admin/ads TC-ADS-02 | Returns empty array when no ads exist","invocations":1,"location":null,"numPassingAsserts":1,"retryReasons":[],"startAt":1777674079058,"status":"passed","title":"TC-ADS-02 | Returns empty array when no ads exist"},{"ancestorTitles":["ADS | POST /api/admin/ads"],"duration":1,"failing":false,"failureDetails":[],"failureMessages":[],"fullName":"ADS | POST /api/admin/ads TC-ADS-03 | Valid name + video file creates ad and returns 201","invocations":1,"location":null,"numPassingAsserts":3,"retryReasons":[],"startAt":1777674079058,"status":"passed","title":"TC-ADS-03 | Valid name + video file creates ad and returns 201"},{"ancestorTitles":["ADS | POST /api/admin/ads"],"duration":1,"failing":false,"failureDetails":[],"failureMessages":[],"fullName":"ADS | POST /api/admin/ads TC-ADS-04 | Missing ad name returns 400","invocations":1,"location":null,"numPassingAsserts":2,"retryReasons":[],"startAt":1777674079059,"status":"passed","title":"TC-ADS-04 | Missing ad name returns 400"},{"ancestorTitles":["ADS | POST /api/admin/ads"],"duration":0,"failing":false,"failureDetails":[],"failureMessages":[],"fullName":"ADS | POST /api/admin/ads TC-ADS-05 | Missing video file returns 400","invocations":1,"location":null,"numPassingAsserts":2,"retryReasons":[],"startAt":1777674079060,"status":"passed","title":"TC-ADS-05 | Missing video file returns 400"},{"ancestorTitles":["ADS | DELETE /api/admin/ads/:id"],"duration":1,"failing":false,"failureDetails":[],"failureMessages":[],"fullName":"ADS | DELETE /api/admin/ads/:id TC-ADS-06 | Deletes existing ad and returns success","invocations":1,"location":null,"numPassingAsserts":1,"retryReasons":[],"startAt":1777674079060,"status":"passed","title":"TC-ADS-06 | Deletes existing ad and returns success"},{"ancestorTitles":["ADS | DELETE /api/admin/ads/:id"],"duration":0,"failing":false,"failureDetails":[],"failureMessages":[],"fullName":"ADS | DELETE /api/admin/ads/:id TC-ADS-07 | Returns 404 for unknown ad id","invocations":1,"location":null,"numPassingAsserts":2,"retryReasons":[],"startAt":1777674079061,"status":"passed","title":"TC-ADS-07 | Returns 404 for unknown ad id"},{"ancestorTitles":["ADS | Play Count — PATCH /api/admin/ads/:id/play"],"duration":1,"failing":false,"failureDetails":[],"failureMessages":[],"fullName":"ADS | Play Count — PATCH /api/admin/ads/:id/play TC-ADS-08 | Play count increments by 1 and returns new count","invocations":1,"location":null,"numPassingAsserts":2,"retryReasons":[],"startAt":1777674079061,"status":"passed","title":"TC-ADS-08 | Play count increments by 1 and returns new count"}],"endTime":1777674079063,"message":"","name":"D:\\react\\adflow-network\\backend\\tests\\Ads.test.js","startTime":1777674078995,"status":"passed","summary":""},{"assertionResults":[{"ancestorTitles":["PLAYLIST | GET /api/admin/playlists"],"duration":3,"failing":false,"failureDetails":[],"failureMessages":[],"fullName":"PLAYLIST | GET /api/admin/playlists TC-PL-01 | Returns all playlists with ads count","invocations":1,"location":null,"numPassingAsserts":3,"retryReasons":[],"startAt":1777674078846,"status":"passed","title":"TC-PL-01 | Returns all playlists with ads count"},{"ancestorTitles":["PLAYLIST | POST /api/admin/playlists"],"duration":1,"failing":false,"failureDetails":[],"failureMessages":[],"fullName":"PLAYLIST | POST /api/admin/playlists TC-PL-02 | Creates playlist with name only — ads and locations are optional","invocations":1,"location":null,"numPassingAsserts":2,"retryReasons":[],"startAt":1777674078850,"status":"passed","title":"TC-PL-02 | Creates playlist with name only — ads and locations are optional"},{"ancestorTitles":["PLAYLIST | POST /api/admin/playlists"],"duration":1,"failing":false,"failureDetails":[],"failureMessages":[],"fullName":"PLAYLIST | POST /api/admin/playlists TC-PL-03 | Creates playlist with adIds and locationIds stored","invocations":1,"location":null,"numPassingAsserts":3,"retryReasons":[],"startAt":1777674078851,"status":"passed","title":"TC-PL-03 | Creates playlist with adIds and locationIds stored"},{"ancestorTitles":["PLAYLIST | POST /api/admin/playlists"],"duration":1,"failing":false,"failureDetails":[],"failureMessages":[],"fullName":"PLAYLIST | POST /api/admin/playlists TC-PL-04 | Missing name returns 400","invocations":1,"location":null,"numPassingAsserts":2,"retryReasons":[],"startAt":1777674078852,"status":"passed","title":"TC-PL-04 | Missing name returns 400"},{"ancestorTitles":["PLAYLIST | DELETE /api/admin/playlists/:id"],"duration":1,"failing":false,"failureDetails":[],"failureMessages":[],"fullName":"PLAYLIST | DELETE /api/admin/playlists/:id TC-PL-05 | Deletes existing playlist","invocations":1,"location":null,"numPassingAsserts":1,"retryReasons":[],"startAt":1777674078853,"status":"passed","title":"TC-PL-05 | Deletes existing playlist"},{"ancestorTitles":["PLAYLIST | DELETE /api/admin/playlists/:id"],"duration":0,"failing":false,"failureDetails":[],"failureMessages":[],"fullName":"PLAYLIST | DELETE /api/admin/playlists/:id TC-PL-06 | Returns 404 for unknown playlist id","invocations":1,"location":null,"numPassingAsserts":1,"retryReasons":[],"startAt":1777674078854,"status":"passed","title":"TC-PL-06 | Returns 404 for unknown playlist id"},{"ancestorTitles":["PLAYLIST | PATCH /api/admin/playlists/:id"],"duration":1,"failing":false,"failureDetails":[],"failureMessages":[],"fullName":"PLAYLIST | PATCH /api/admin/playlists/:id TC-PL-07 | Updates name, ads, and locations","invocations":1,"location":null,"numPassingAsserts":1,"retryReasons":[],"startAt":1777674078854,"status":"passed","title":"TC-PL-07 | Updates name, ads, and locations"},{"ancestorTitles":["PLAYLIST | PATCH /api/admin/playlists/:id"],"duration":3,"failing":false,"failureDetails":[],"failureMessages":[],"fullName":"PLAYLIST | PATCH /api/admin/playlists/:id TC-PL-08 | Returns 404 when playlist not found during update","invocations":1,"location":null,"numPassingAsserts":1,"retryReasons":[],"startAt":1777674078855,"status":"passed","title":"TC-PL-08 | Returns 404 when playlist not found during update"}],"endTime":1777674078859,"message":"","name":"D:\\react\\adflow-network\\backend\\tests\\Playlist.test.js","startTime":1777674078705,"status":"passed","summary":""},{"assertionResults":[{"ancestorTitles":["TC-01 to TC-04 | POST /api/payment/initiate"],"duration":2,"failing":false,"failureDetails":[],"failureMessages":[],"fullName":"TC-01 to TC-04 | POST /api/payment/initiate TC-01 | Rejects amount below minimum ৳10","invocations":1,"location":null,"numPassingAsserts":2,"retryReasons":[],"startAt":1777674078935,"status":"passed","title":"TC-01 | Rejects amount below minimum ৳10"},{"ancestorTitles":["TC-01 to TC-04 | POST /api/payment/initiate"],"duration":1,"failing":false,"failureDetails":[],"failureMessages":[],"fullName":"TC-01 to TC-04 | POST /api/payment/initiate TC-02 | Rejects request when required customer fields are missing","invocations":1,"location":null,"numPassingAsserts":2,"retryReasons":[],"startAt":1777674078938,"status":"passed","title":"TC-02 | Rejects request when required customer fields are missing"},{"ancestorTitles":["TC-01 to TC-04 | POST /api/payment/initiate"],"duration":1,"failing":false,"failureDetails":[],"failureMessages":[],"fullName":"TC-01 to TC-04 | POST /api/payment/initiate TC-03 | Successful initiation returns tran_id and gatewayUrl","invocations":1,"location":null,"numPassingAsserts":2,"retryReasons":[],"startAt":1777674078939,"status":"passed","title":"TC-03 | Successful initiation returns tran_id and gatewayUrl"},{"ancestorTitles":["TC-01 to TC-04 | POST /api/payment/initiate"],"duration":28,"failing":false,"failureDetails":[],"failureMessages":[],"fullName":"TC-01 to TC-04 | POST /api/payment/initiate TC-04 | Returns 502 when SSLCommerz does not return a GatewayPageURL","invocations":1,"location":null,"numPassingAsserts":3,"retryReasons":[],"startAt":1777674078940,"status":"passed","title":"TC-04 | Returns 502 when SSLCommerz does not return a GatewayPageURL"},{"ancestorTitles":["TC-05 to TC-09 | POST /api/payment/success"],"duration":1,"failing":false,"failureDetails":[],"failureMessages":[],"fullName":"TC-05 to TC-09 | POST /api/payment/success TC-05 | Redirects to /payment/fail when gateway status is not VALID","invocations":1,"location":null,"numPassingAsserts":1,"retryReasons":[],"startAt":1777674078968,"status":"passed","title":"TC-05 | Redirects to /payment/fail when gateway status is not VALID"},{"ancestorTitles":["TC-05 to TC-09 | POST /api/payment/success"],"duration":0,"failing":false,"failureDetails":[],"failureMessages":[],"fullName":"TC-05 to TC-09 | POST /api/payment/success TC-06 | Redirects to /payment/fail when order is not found in DB","invocations":1,"location":null,"numPassingAsserts":1,"retryReasons":[],"startAt":1777674078969,"status":"passed","title":"TC-06 | Redirects to /payment/fail when order is not found in DB"},{"ancestorTitles":["TC-05 to TC-09 | POST /api/payment/success"],"duration":1,"failing":false,"failureDetails":[],"failureMessages":[],"fullName":"TC-05 to TC-09 | POST /api/payment/success TC-07 | Already-completed payment is handled idempotently (no double-process)","invocations":1,"location":null,"numPassingAsserts":2,"retryReasons":[],"startAt":1777674078969,"status":"passed","title":"TC-07 | Already-completed payment is handled idempotently (no double-process)"},{"ancestorTitles":["TC-05 to TC-09 | POST /api/payment/success"],"duration":0,"failing":false,"failureDetails":[],"failureMessages":[],"fullName":"TC-05 to TC-09 | POST /api/payment/success TC-08 | Validation mismatch marks payment failed and redirects to /payment/fail","invocations":1,"location":null,"numPassingAsserts":3,"retryReasons":[],"startAt":1777674078970,"status":"passed","title":"TC-08 | Validation mismatch marks payment failed and redirects to /payment/fail"},{"ancestorTitles":["TC-05 to TC-09 | POST /api/payment/success"],"duration":0,"failing":false,"failureDetails":[],"failureMessages":[],"fullName":"TC-05 to TC-09 | POST /api/payment/success TC-09 | Valid payment marks status as completed and redirects to /payment/success","invocations":1,"location":null,"numPassingAsserts":3,"retryReasons":[],"startAt":1777674078971,"status":"passed","title":"TC-09 | Valid payment marks status as completed and redirects to /payment/success"},{"ancestorTitles":["TC-10 | POST /api/payment/fail"],"duration":2,"failing":false,"failureDetails":[],"failureMessages":[],"fullName":"TC-10 | POST /api/payment/fail TC-10 | Marks a pending payment as failed and redirects to /payment/fail","invocations":1,"location":null,"numPassingAsserts":3,"retryReasons":[],"startAt":1777674078971,"status":"passed","title":"TC-10 | Marks a pending payment as failed and redirects to /payment/fail"},{"ancestorTitles":["TC-11 | POST /api/payment/cancel"],"duration":2,"failing":false,"failureDetails":[],"failureMessages":[],"fullName":"TC-11 | POST /api/payment/cancel TC-11 | Marks a pending payment as cancelled and redirects to /payment/cancel","invocations":1,"location":null,"numPassingAsserts":3,"retryReasons":[],"startAt":1777674078973,"status":"passed","title":"TC-11 | Marks a pending payment as cancelled and redirects to /payment/cancel"},{"ancestorTitles":["TC-12 | POST /api/payment/ipn"],"duration":6,"failing":false,"failureDetails":[],"failureMessages":[],"fullName":"TC-12 | POST /api/payment/ipn TC-12 | Responds HTTP 200 immediately before any async processing","invocations":1,"location":null,"numPassingAsserts":2,"retryReasons":[],"startAt":1777674078975,"status":"passed","title":"TC-12 | Responds HTTP 200 immediately before any async processing"},{"ancestorTitles":["TC-13 to TC-14 | GET /api/payment/status/:tran_id"],"duration":1,"failing":false,"failureDetails":[],"failureMessages":[],"fullName":"TC-13 to TC-14 | GET /api/payment/status/:tran_id TC-13 | Returns 404 when tran_id does not exist in DB","invocations":1,"location":null,"numPassingAsserts":2,"retryReasons":[],"startAt":1777674078982,"status":"passed","title":"TC-13 | Returns 404 when tran_id does not exist in DB"},{"ancestorTitles":["TC-13 to TC-14 | GET /api/payment/status/:tran_id"],"duration":0,"failing":false,"failureDetails":[],"failureMessages":[],"fullName":"TC-13 to TC-14 | GET /api/payment/status/:tran_id TC-14 | Returns correct payment data for a known tran_id","invocations":1,"location":null,"numPassingAsserts":1,"retryReasons":[],"startAt":1777674078984,"status":"passed","title":"TC-14 | Returns correct payment data for a known tran_id"},{"ancestorTitles":["TC-15 | GET /api/payment/history"],"duration":1,"failing":false,"failureDetails":[],"failureMessages":[],"fullName":"TC-15 | GET /api/payment/history TC-15 | Returns paginated payment list with correct total and page info","invocations":1,"location":null,"numPassingAsserts":1,"retryReasons":[],"startAt":1777674078984,"status":"passed","title":"TC-15 | Returns paginated payment list with correct total and page info"}],"endTime":1777674078987,"message":"","name":"D:\\react\\adflow-network\\backend\\tests\\payment.test.js","startTime":1777674078867,"status":"passed","summary":""}],"wasInterrupted":false}
